<?xml version="1.0" encoding="UTF-8" ?>
<testsuite errors="0" failures="0" hostname="NTJ" name="RingingCentreTest" skipped="0" tests="10" time="0.469" timestamp="2017-08-12T11:07:03">
  <properties>
    <property name="libs.jsp-compiler.javadoc" value="" />
    <property name="netbeans.autoupdate.country" value="US" />
    <property name="javac.test.classpath" value=":build/classes:lib/hamcrest-core-1.3.jar:lib/junit-4.11.jar:lib/edu-test-utils-0.4.2.jar" />
    <property name="libs.jsf20.maven-pom" value="" />
    <property name="libs.spring-webmvc4.0.src" value="" />
    <property name="ant.core.lib" value="C:\Users\Nishant\AppData\Roaming\.tmcbeans\dev\ant\lib\ant.jar" />
    <property name="javadoc.windowtitle" value="" />
    <property name="libs.jsp-compilation.javadoc" value="" />
    <property name="user.dir" value="C:\Users\Nishant\Documents\NetBeansProjects\2013-OOProgrammingWithJava-PART2\week10-week10_27.TheFinnishRingingCentre" />
    <property name="libs.javaee-api-7.0.src" value="" />
    <property name="java.vm.version" value="24.71-b01" />
    <property name="ant.file.type.ohja4_27.Renagastustoimisto-impl" value="file" />
    <property name="libs.MySQLDriver.classpath" value="C:\Program Files\tmcbeans\ide\modules\ext\mysql-connector-java-5.1.23-bin.jar" />
    <property name="libs.eclipselinkmodelgen.src" value="" />
    <property name="javadoc.notree" value="false" />
    <property name="netbeans.autoupdate.version" value="1.23" />
    <property name="libs.javaee-web-api-6.0.classpath" value="C:\Program Files\tmcbeans\enterprise\modules\ext\javaee-web-api-6.0.jar" />
    <property name="jdk.home" value="C:\Program Files\Java\jdk1.7.0_71" />
    <property name="libs.javac-api.src" value="" />
    <property name="javadoc.noindex" value="false" />
    <property name="libs.jpa2-persistence.classpath" value="C:\Program Files\tmcbeans\java\modules\ext\hibernate4\hibernate-jpa-2.1-api-1.0.0.Final.jar" />
    <property name="sun.os.patch.level" value="" />
    <property name="do.archive+manifest.available" value="true" />
    <property name="java.vm.specification.name" value="Java Virtual Machine Specification" />
    <property name="ant.file.ohja4_27.Renagastustoimisto" value="C:\Users\Nishant\Documents\NetBeansProjects\2013-OOProgrammingWithJava-PART2\week10-week10_27.TheFinnishRingingCentre\build.xml" />
    <property name="netbeans.autoupdate.variant" value="" />
    <property name="have.tests" value="true" />
    <property name="org.xml.sax.driver" value="com.sun.org.apache.xerces.internal.jaxp.SAXParserImpl$JAXPSAXParser" />
    <property name="libs.javac-api.javadoc" value="" />
    <property name="os.name" value="Windows 8.1" />
    <property name="libs.beans-binding.classpath" value="C:\Program Files\tmcbeans\java\modules\ext\beansbinding-1.2.1.jar" />
    <property name="libs.javaee-endorsed-api-7.0.maven-pom" value="" />
    <property name="ap.proc.none.internal" value="" />
    <property name="libs.restapi.javadoc" value="" />
    <property name="libs.JWSAntTasks.maven-pom" value="" />
    <property name="jnlp.signing.keystore" value="" />
    <property name="libs.jstl.classpath" value="C:\Program Files\tmcbeans\enterprise\modules\ext\jstl-impl.jar;C:\Program Files\tmcbeans\enterprise\modules\ext\jstl-api.jar" />
    <property name="libs.testng.src" value="" />
    <property name="libs.spring-webmvc3.0.src" value="" />
    <property name="libs.restapi.classpath" value="C:\Program Files\tmcbeans\enterprise\modules\ext\jaxrs-2.0\javax.ws.rs-api-2.0.jar" />
    <property name="java.vendor.url.bug" value="http://bugreport.sun.com/bugreport/" />
    <property name="netbeans.user.dir" value="C:\Program Files\tmcbeans" />
    <property name="libs.jaxb.maven-pom" value="" />
    <property name="os.arch" value="amd64" />
    <property name="libs.eclipselink.src" value="" />
    <property name="user.name" value="Nishant" />
    <property name="libs.jsf12.javadoc" value="C:\Program Files\tmcbeans\enterprise\docs\javaee-doc-api.jar" />
    <property name="manifest.available+main.class" value="true" />
    <property name="libs.spring-webmvc3.0.maven-pom" value="" />
    <property name="libs.swing-layout.maven-pom" value="" />
    <property name="sun.java.command" value="org.apache.tools.ant.taskdefs.optional.junit.JUnitTestRunner RingingCentreTest skipNonTests=false filtertrace=true haltOnError=false haltOnFailure=false showoutput=true outputtoformatters=true logfailedtests=true threadid=0 logtestlistenerevents=true formatter=org.apache.tools.ant.taskdefs.optional.junit.BriefJUnitResultFormatter formatter=org.apache.tools.ant.taskdefs.optional.junit.XMLJUnitResultFormatter,C:\Users\Nishant\Documents\NetBeansProjects\2013-OOProgrammingWithJava-PART2\week10-week10_27.TheFinnishRingingCentre\build\test\results\TEST-RingingCentreTest.xml crashfile=C:\Users\Nishant\Documents\NetBeansProjects\2013-OOProgrammingWithJava-PART2\week10-week10_27.TheFinnishRingingCentre\build\junitvmwatcher7898914641305871577.properties propsfile=C:\Users\Nishant\Documents\NetBeansProjects\2013-OOProgrammingWithJava-PART2\week10-week10_27.TheFinnishRingingCentre\build\junit5849012330684208454.properties" />
    <property name="build.classes.dir" value="build/classes" />
    <property name="file.reference.edu-test-utils-0.4.2.jar" value="lib/edu-test-utils-0.4.2.jar" />
    <property name="jnlp.descriptor" value="application" />
    <property name="build.sysclasspath" value="ignore" />
    <property name="ap.supported.internal" value="true" />
    <property name="libs.javaee-endorsed-api-7.0.javadoc" value="C:\Program Files\tmcbeans\enterprise\docs\javaee-doc-api.jar" />
    <property name="libs.jaxws21.javadoc" value="C:\Program Files\tmcbeans\java\docs\jaxws-api-doc.zip" />
    <property name="libs.spring-webmvc4.0.javadoc" value="" />
    <property name="includes" value="**" />
    <property name="user.country" value="US" />
    <property name="manifest.file" value="manifest.mf" />
    <property name="javadoc.encoding" value="UTF-8" />
    <property name="javac.classpath" value="" />
    <property name="libs.jsp-compilation-syscp.src" value="" />
    <property name="libs.spring-framework400.classpath" value="C:\Program Files\tmcbeans\ide\modules\org-apache-commons-logging.jar;C:\Program Files\tmcbeans\java\modules\ext\cglib-2.2.jar;C:\Program Files\tmcbeans\java\modules\ext\spring-4\spring-aop-4.0.1.RELEASE.jar;C:\Program Files\tmcbeans\java\modules\ext\spring-4\spring-aspects-4.0.1.RELEASE.jar;C:\Program Files\tmcbeans\java\modules\ext\spring-4\spring-beans-4.0.1.RELEASE.jar;C:\Program Files\tmcbeans\java\modules\ext\spring-4\spring-build-src-4.0.1.RELEASE.jar;C:\Program Files\tmcbeans\java\modules\ext\spring-4\spring-context-4.0.1.RELEASE.jar;C:\Program Files\tmcbeans\java\modules\ext\spring-4\spring-context-support-4.0.1.RELEASE.jar;C:\Program Files\tmcbeans\java\modules\ext\spring-4\spring-core-4.0.1.RELEASE.jar;C:\Program Files\tmcbeans\java\modules\ext\spring-4\spring-expression-4.0.1.RELEASE.jar;C:\Program Files\tmcbeans\java\modules\ext\spring-4\spring-framework-bom-4.0.1.RELEASE.jar;C:\Program Files\tmcbeans\java\modules\ext\spring-4\spring-instrument-4.0.1.RELEASE.jar;C:\Program Files\tmcbeans\java\modules\ext\spring-4\spring-instrument-tomcat-4.0.1.RELEASE.jar;C:\Program Files\tmcbeans\java\modules\ext\spring-4\spring-jdbc-4.0.1.RELEASE.jar;C:\Program Files\tmcbeans\java\modules\ext\spring-4\spring-jms-4.0.1.RELEASE.jar;C:\Program Files\tmcbeans\java\modules\ext\spring-4\spring-messaging-4.0.1.RELEASE.jar;C:\Program Files\tmcbeans\java\modules\ext\spring-4\spring-orm-4.0.1.RELEASE.jar;C:\Program Files\tmcbeans\java\modules\ext\spring-4\spring-oxm-4.0.1.RELEASE.jar;C:\Program Files\tmcbeans\java\modules\ext\spring-4\spring-test-4.0.1.RELEASE.jar;C:\Program Files\tmcbeans\java\modules\ext\spring-4\spring-tx-4.0.1.RELEASE.jar;C:\Program Files\tmcbeans\java\modules\ext\spring-4\spring-web-4.0.1.RELEASE.jar;C:\Program Files\tmcbeans\java\modules\ext\spring-4\spring-webmvc-4.0.1.RELEASE.jar;C:\Program Files\tmcbeans\java\modules\ext\spring-4\spring-webmvc-portlet-4.0.1.RELEASE.jar;C:\Program Files\tmcbeans\java\modules\ext\spring-4\spring-websocket-4.0.1.RELEASE.jar" />
    <property name="debug-transport" value="dt_shmem" />
    <property name="netbeans.home" value="C:\Program Files\tmcbeans\platform" />
    <property name="build.compiler.emacs" value="true" />
    <property name="libs.javaee-web-api-6.0.src" value="" />
    <property name="libs.jsp-compilation-syscp.classpath" value="C:\Users\Nishant\AppData\Roaming\.tmcbeans\dev\ant\lib\ant.jar;C:\Program Files\tmcbeans\enterprise\modules\ext\servlet3.1-jsp2.3-api.jar;C:\Program Files\tmcbeans\enterprise\modules\ext\glassfish-jspparser-4.0.jar;C:\Program Files\tmcbeans\enterprise\modules\ext\jstl-impl.jar;C:\Program Files\tmcbeans\enterprise\modules\ext\jsf-2_2\javax.faces.jar" />
    <property name="java.endorsed.dirs" value="C:\Program Files\Java\jdk1.7.0_71\jre\lib\endorsed" />
    <property name="netbeans.dynamic.classpath" value="C:\Program Files\tmcbeans\platform\core\core.jar;C:\Program Files\tmcbeans\platform\core\org-openide-filesystems.jar;C:\Program Files\tmcbeans\platform\core\locale\core_ja.jar;C:\Program Files\tmcbeans\platform\core\locale\core_pt_BR.jar;C:\Program Files\tmcbeans\platform\core\locale\core_ru.jar;C:\Program Files\tmcbeans\platform\core\locale\core_zh_CN.jar;C:\Program Files\tmcbeans\platform\core\locale\org-openide-filesystems_ja.jar;C:\Program Files\tmcbeans\platform\core\locale\org-openide-filesystems_pt_BR.jar;C:\Program Files\tmcbeans\platform\core\locale\org-openide-filesystems_ru.jar;C:\Program Files\tmcbeans\platform\core\locale\org-openide-filesystems_zh_CN.jar;C:\Program Files\tmcbeans\tmcbeans\core\locale\core_tmcbeans.jar;C:\Program Files\tmcbeans\nb\core\org-netbeans-upgrader.jar;C:\Program Files\tmcbeans\nb\core\locale\org-netbeans-upgrader_ja.jar;C:\Program Files\tmcbeans\nb\core\locale\org-netbeans-upgrader_pt_BR.jar;C:\Program Files\tmcbeans\nb\core\locale\org-netbeans-upgrader_ru.jar;C:\Program Files\tmcbeans\nb\core\locale\org-netbeans-upgrader_zh_CN.jar" />
    <property name="jnlp.enabled" value="false" />
    <property name="java.vm.specification.version" value="1.7" />
    <property name="libs.hibernate4-support.src" value="" />
    <property name="libs.primefaces.classpath" value="C:\Program Files\tmcbeans\enterprise\modules\ext\primefaces\primefaces-5.0.jar" />
    <property name="libs.javaee-api-6.0.classpath" value="C:\Program Files\tmcbeans\enterprise\modules\ext\javaee-api-6.0.jar" />
    <property name="netbeans.productversion" value="Netbeans with TMC 201411181905" />
    <property name="file.reference.junit-4.11.jar" value="lib/junit-4.11.jar" />
    <property name="libs.jaxws21.src" value="" />
    <property name="application.title" value="week10_27.TheFinnishRingingCentre" />
    <property name="do.archive" value="true" />
    <property name="netbeans.autoupdate.language" value="en" />
    <property name="java.vendor" value="Oracle Corporation" />
    <property name="libs.javaee-api-6.0.javadoc" value="C:\Program Files\tmcbeans\enterprise\docs\javaee-doc-api.jar" />
    <property name="jar.index.metainf" value="false" />
    <property name="javac.debug" value="true" />
    <property name="javadoc.splitindex" value="true" />
    <property name="file.separator" value="\" />
    <property name="mkdist.disabled" value="false" />
    <property name="javac.test.processorpath" value=":build/classes:lib/hamcrest-core-1.3.jar:lib/junit-4.11.jar:lib/edu-test-utils-0.4.2.jar" />
    <property name="netbeans.buildnumber" value="1.1.7" />
    <property name="libs.JWSAntTasks.javadoc" value="" />
    <property name="build.generated.sources.dir" value="build/generated-sources" />
    <property name="user.variant" value="" />
    <property name="libs.eclipselinkmodelgen.classpath" value="C:\Program Files\tmcbeans\java\modules\ext\eclipselink\org.eclipse.persistence.jpa.modelgen_2.5.2.v20140319-9ad6abd.jar" />
    <property name="libs.javaee-endorsed-api-7.0.src" value="" />
    <property name="sun.java.launcher" value="SUN_STANDARD" />
    <property name="libs.hibernate4-persistencemodelgen.javadoc" value="" />
    <property name="libs.jaxb.javadoc" value="C:\Program Files\tmcbeans\ide\docs\jaxb-api-doc.zip" />
    <property name="libs.struts.classpath" value="C:\Program Files\tmcbeans\enterprise\modules\ext\struts\antlr-2.7.2.jar;C:\Program Files\tmcbeans\enterprise\modules\ext\struts\bsf-2.3.0.jar;C:\Program Files\tmcbeans\enterprise\modules\ext\struts\commons-beanutils-1.8.0.jar;C:\Program Files\tmcbeans\enterprise\modules\ext\struts\commons-chain-1.2.jar;C:\Program Files\tmcbeans\enterprise\modules\ext\struts\commons-digester-1.8.jar;C:\Program Files\tmcbeans\enterprise\modules\ext\struts\commons-fileupload-1.1.1.jar;C:\Program Files\tmcbeans\enterprise\modules\ext\struts\commons-io-1.1.jar;C:\Program Files\tmcbeans\enterprise\modules\ext\struts\commons-logging-1.0.4.jar;C:\Program Files\tmcbeans\enterprise\modules\ext\struts\commons-validator-1.3.1.jar;C:\Program Files\tmcbeans\enterprise\modules\ext\struts\jstl-1.0.2.jar;C:\Program Files\tmcbeans\enterprise\modules\ext\struts\oro-2.0.8.jar;C:\Program Files\tmcbeans\enterprise\modules\ext\struts\standard-1.0.6.jar;C:\Program Files\tmcbeans\enterprise\modules\ext\struts\struts-core-1.3.10.jar;C:\Program Files\tmcbeans\enterprise\modules\ext\struts\struts-el-1.3.10.jar;C:\Program Files\tmcbeans\enterprise\modules\ext\struts\struts-extras-1.3.10.jar;C:\Program Files\tmcbeans\enterprise\modules\ext\struts\struts-faces-1.3.10.jar;C:\Program Files\tmcbeans\enterprise\modules\ext\struts\struts-mailreader-dao-1.3.10.jar;C:\Program Files\tmcbeans\enterprise\modules\ext\struts\struts-scripting-1.3.10.jar;C:\Program Files\tmcbeans\enterprise\modules\ext\struts\struts-taglib-1.3.10.jar;C:\Program Files\tmcbeans\enterprise\modules\ext\struts\struts-tiles-1.3.10.jar" />
    <property name="ant.home" value="C:\Users\Nishant\AppData\Roaming\.tmcbeans\dev\ant" />
    <property name="libs.testng.classpath" value="C:\Program Files\tmcbeans\platform\modules\ext\testng-6.8.1-dist.jar" />
    <property name="libs.absolutelayout.maven-pom" value="" />
    <property name="ant.java.version" value="1.7" />
    <property name="java.library.path" value="C:\Program Files\Java\jdk1.7.0_71\jre\bin;C:\WINDOWS\Sun\Java\bin;C:\WINDOWS\system32;C:\WINDOWS;C:\python3.6.0\Scripts\;C:\python3.6.0\;C:\WINDOWS\system32;C:\WINDOWS;C:\WINDOWS\System32\Wbem;C:\WINDOWS\System32\WindowsPowerShell\v1.0\;C:\Program Files (x86)\Common Files\lenovo\easyplussdk\bin;C:\Program Files\Git\cmd;C:\Users\Nishant\AppData\Local\Microsoft\WindowsApps;;." />
    <property name="javadoc.author" value="false" />
    <property name="libs.metro.maven-pom" value="" />
    <property name="manifest.available+main.class-mkdist.available" value="true" />
    <property name="java.util.logging.config.class" value="org.netbeans.core.startup.TopLogging" />
    <property name="libs.spring-framework400.src" value="" />
    <property name="libs.PostgreSQLDriver.src" value="" />
    <property name="sun.arch.data.model" value="64" />
    <property name="basedir" value="C:\Users\Nishant\Documents\NetBeansProjects\2013-OOProgrammingWithJava-PART2\week10-week10_27.TheFinnishRingingCentre" />
    <property name="libs.jpa20-persistence.maven-pom" value="" />
    <property name="jar.compress" value="false" />
    <property name="libs.javaee-web-api-7.0.classpath" value="C:\Program Files\tmcbeans\enterprise\modules\ext\javaee-web-api-7.0.jar" />
    <property name="path.separator" value=";" />
    <property name="libs.javaee-web-api-6.0.javadoc" value="C:\Program Files\tmcbeans\enterprise\docs\javaee-doc-api.jar" />
    <property name="ant.junit.enabletestlistenerevents" value="true" />
    <property name="sun.io.unicode.encoding" value="UnicodeLittle" />
    <property name="libs.jaxws21.classpath" value="C:\Program Files\tmcbeans\ide\modules\ext\jaxb\jaxb-impl.jar;C:\Program Files\tmcbeans\ide\modules\ext\jaxb\jaxb-xjc.jar;C:\Program Files\tmcbeans\java\modules\ext\jaxws22\FastInfoset.jar;C:\Program Files\tmcbeans\java\modules\ext\jaxws22\gmbal-api-only.jar;C:\Program Files\tmcbeans\java\modules\ext\jaxws22\ha-api.jar;C:\Program Files\tmcbeans\java\modules\ext\jaxws22\javax.mail_1.4.jar;C:\Program Files\tmcbeans\java\modules\ext\jaxws22\jaxws-rt.jar;C:\Program Files\tmcbeans\java\modules\ext\jaxws22\jaxws-tools.jar;C:\Program Files\tmcbeans\java\modules\ext\jaxws22\management-api.jar;C:\Program Files\tmcbeans\java\modules\ext\jaxws22\mimepull.jar;C:\Program Files\tmcbeans\java\modules\ext\jaxws22\policy.jar;C:\Program Files\tmcbeans\java\modules\ext\jaxws22\saaj-impl.jar;C:\Program Files\tmcbeans\java\modules\ext\jaxws22\stax-ex.jar;C:\Program Files\tmcbeans\java\modules\ext\jaxws22\stax2-api.jar;C:\Program Files\tmcbeans\java\modules\ext\jaxws22\streambuffer.jar;C:\Program Files\tmcbeans\java\modules\ext\jaxws22\woodstox-core-asl.jar;C:\Program Files\tmcbeans\java\modules\ext\jaxws22\api\jaxws-api.jar;C:\Program Files\tmcbeans\java\modules\ext\jaxws22\api\jsr181-api.jar;C:\Program Files\tmcbeans\java\modules\ext\jaxws22\api\javax.annotation.jar;C:\Program Files\tmcbeans\java\modules\ext\jaxws22\api\saaj-api.jar;C:\Program Files\tmcbeans\ide\modules\ext\jaxb\activation.jar;C:\Program Files\tmcbeans\ide\modules\ext\jaxb\api\jaxb-api.jar;C:\Program Files\tmcbeans\ide\modules\ext\jaxb\api\jsr173_1.0_api.jar" />
    <property name="libs.struts.src" value="" />
    <property name="apple.awt.graphics.UseQuartz" value="true" />
    <property name="user.language" value="en" />
    <property name="libs.JAXB-ENDORSED.maven-pom" value="" />
    <property name="libs.eclipselink.maven-pom" value="" />
    <property name="application.vendor" value="" />
    <property name="manifest.available" value="true" />
    <property name="libs.primefaces.javadoc" value="" />
    <property name="libs.spring-framework300.maven-pom" value="" />
    <property name="run.test.classpath" value=":build/classes:lib/hamcrest-core-1.3.jar:lib/junit-4.11.jar:lib/edu-test-utils-0.4.2.jar:build/test/classes" />
    <property name="ant.project.invoked-targets" value="test" />
    <property name="libs.swing-layout.javadoc" value="C:\Program Files\tmcbeans\platform\docs\swing-layout-1.0.4-doc.zip" />
    <property name="libs.hibernate4-persistence.maven-pom" value="" />
    <property name="https.nonProxyHosts" value="localhost|127.0.0.1|NTJ" />
    <property name="libs.PostgreSQLDriver.maven-pom" value="" />
    <property name="java.class.version" value="51.0" />
    <property name="libs.hibernate4-persistencemodelgen.maven-pom" value="" />
    <property name="libs.javaee-endorsed-api-6.0.src" value="" />
    <property name="libs.eclipselink.javadoc" value="C:\Program Files\tmcbeans\java\modules\ext\docs\javax.persistence-2.1.0-doc.zip" />
    <property name="libs.jsp-compilation.maven-pom" value="" />
    <property name="user.properties.file" value="C:\Users\Nishant\AppData\Roaming\.tmcbeans\dev\build.properties" />
    <property name="runtime.encoding" value="UTF-8" />
    <property name="libs.javac-api.maven-pom" value="" />
    <property name="file.encoding.pkg" value="sun.io" />
    <property name="sun.cpu.endian" value="little" />
    <property name="libs.JAXB-ENDORSED.javadoc" value="" />
    <property name="libs.JWSAntTasks.classpath" value="C:\Program Files\tmcbeans\java\ant\extra\org-netbeans-modules-javawebstart-anttasks.jar" />
    <property name="libs.spring-webmvc4.0.maven-pom" value="" />
    <property name="libs.spring-framework300.src" value="" />
    <property name="libs.jstl.src" value="" />
    <property name="empty.dir" value="C:\Users\Nishant\Documents\NetBeansProjects\2013-OOProgrammingWithJava-PART2\week10-week10_27.TheFinnishRingingCentre\build\empty" />
    <property name="version-output" value="java version &quot;1.7" />
    <property name="libs.hibernate4-persistencemodelgen.src" value="" />
    <property name="javadoc.preview" value="true" />
    <property name="libs.jpa20-persistence.javadoc" value="C:\Program Files\tmcbeans\java\modules\ext\docs\javax.persistence-2.1.0-doc.zip" />
    <property name="java.home" value="C:\Program Files\Java\jdk1.7.0_71\jre" />
    <property name="libs.jsp-compilation.src" value="" />
    <property name="debug.test.classpath" value=":build/classes:lib/hamcrest-core-1.3.jar:lib/junit-4.11.jar:lib/edu-test-utils-0.4.2.jar:build/test/classes" />
    <property name="libs.javaee-endorsed-api-6.0.classpath" value="C:\Program Files\tmcbeans\enterprise\modules\ext\javaee6-endorsed\javax.annotation.jar;C:\Program Files\tmcbeans\enterprise\modules\ext\javaee6-endorsed\jaxb-api-osgi.jar;C:\Program Files\tmcbeans\enterprise\modules\ext\javaee6-endorsed\webservices-api-osgi.jar" />
    <property name="libs.javaee-api-6.0.src" value="" />
    <property name="ant.project.default-target" value="default" />
    <property name="annotation.processing.run.all.processors" value="true" />
    <property name="jar.archive.disabled" value="false" />
    <property name="jnlp.signing.alias" value="" />
    <property name="libs.PostgreSQLDriver.javadoc" value="" />
    <property name="libs.restlib.classpath" value="C:\Program Files\tmcbeans\enterprise\modules\ext\jersey2\ext\asm-all-repackaged-2.2.0-b21.jar;C:\Program Files\tmcbeans\enterprise\modules\ext\jersey2\ext\cglib-2.2.0-b21.jar;C:\Program Files\tmcbeans\enterprise\modules\ext\jersey2\ext\guava-14.0.1.jar;C:\Program Files\tmcbeans\enterprise\modules\ext\jersey2\ext\hk2-api-2.2.0-b21.jar;C:\Program Files\tmcbeans\enterprise\modules\ext\jersey2\ext\hk2-locator-2.2.0-b21.jar;C:\Program Files\tmcbeans\enterprise\modules\ext\jersey2\ext\hk2-utils-2.2.0-b21.jar;C:\Program Files\tmcbeans\enterprise\modules\ext\jersey2\ext\javax.annotation-api-1.2.jar;C:\Program Files\tmcbeans\enterprise\modules\ext\jersey2\ext\javax.inject-2.2.0-b21.jar;C:\Program Files\tmcbeans\enterprise\modules\ext\jersey2\ext\javax.servlet-api-3.0.1.jar;C:\Program Files\tmcbeans\enterprise\modules\ext\jersey2\ext\jaxb-api-2.2.7.jar;C:\Program Files\tmcbeans\enterprise\modules\ext\jersey2\ext\jersey-entity-filtering-2.5.1.jar;C:\Program Files\tmcbeans\enterprise\modules\ext\jersey2\ext\jersey-media-moxy-2.5.1.jar;C:\Program Files\tmcbeans\enterprise\modules\ext\jersey2\ext\org.osgi.core-4.2.0.jar;C:\Program Files\tmcbeans\enterprise\modules\ext\jersey2\ext\osgi-resource-locator-1.0.1.jar;C:\Program Files\tmcbeans\enterprise\modules\ext\jersey2\ext\persistence-api-1.0.jar;C:\Program Files\tmcbeans\enterprise\modules\ext\jersey2\ext\validation-api-1.1.0.Final.jar;C:\Program Files\tmcbeans\enterprise\modules\ext\jersey2\jersey-client.jar;C:\Program Files\tmcbeans\enterprise\modules\ext\jersey2\jersey-common.jar;C:\Program Files\tmcbeans\enterprise\modules\ext\jersey2\jersey-container-servlet.jar;C:\Program Files\tmcbeans\enterprise\modules\ext\jersey2\jersey-container-servlet-core.jar;C:\Program Files\tmcbeans\enterprise\modules\ext\jersey2\jersey-server.jar;C:\Program Files\tmcbeans\java\modules\ext\eclipselink\eclipselink.jar" />
    <property name="libs.MySQLDriver.maven-pom" value="" />
    <property name="libs.hibernate4-persistence.javadoc" value="C:\Program Files\tmcbeans\java\modules\ext\docs\javax.persistence-2.1.0-doc.zip" />
    <property name="http.nonProxyHosts" value="localhost|127.0.0.1|NTJ" />
    <property name="libs.javaee-web-api-6.0.maven-pom" value="" />
    <property name="run.classpath" value=":build/classes" />
    <property name="jna.boot.library.name" value="jnidispatch-410" />
    <property name="libs.javaee-endorsed-api-6.0.javadoc" value="C:\Program Files\tmcbeans\enterprise\docs\javaee-doc-api.jar" />
    <property name="libs.javaee-api-7.0.classpath" value="C:\Program Files\tmcbeans\enterprise\modules\ext\javaee-api-7.0.jar" />
    <property name="sun.awt.datatransfer.timeout" value="1000" />
    <property name="libs.spring-webmvc3.0.javadoc" value="" />
    <property name="libs.jpa2-persistence.maven-pom" value="" />
    <property name="annotation.processing.enabled.in.editor" value="false" />
    <property name="libs.hibernate4-support.classpath" value="C:\Program Files\tmcbeans\java\modules\ext\hibernate4\antlr-2.7.7.jar;C:\Program Files\tmcbeans\java\modules\ext\hibernate4\c3p0-0.9.2.1.jar;C:\Program Files\tmcbeans\java\modules\ext\hibernate4\hibernate-c3p0-4.3.1.Final.jar;C:\Program Files\tmcbeans\java\modules\ext\hibernate4\mchange-commons-java-0.2.3.4.jar;C:\Program Files\tmcbeans\java\modules\ext\hibernate4\dom4j-1.6.1.jar;C:\Program Files\tmcbeans\java\modules\ext\hibernate4\ehcache-core-2.4.3.jar;C:\Program Files\tmcbeans\java\modules\ext\hibernate4\hibernate-ehcache-4.3.1.Final.jar;C:\Program Files\tmcbeans\java\modules\ext\hibernate4\hibernate-core-4.3.1.Final.jar;C:\Program Files\tmcbeans\java\modules\ext\hibernate4\jboss-logging-3.1.3.GA.jar;C:\Program Files\tmcbeans\java\modules\ext\hibernate4\hibernate-commons-annotations-4.0.4.Final.jar;C:\Program Files\tmcbeans\java\modules\ext\hibernate4\hibernate-entitymanager-4.3.1.Final.jar;C:\Program Files\tmcbeans\java\modules\ext\hibernate4\javassist-3.18.1-GA.jar;C:\Program Files\tmcbeans\java\modules\ext\hibernate4\jboss-transaction-api_1.2_spec-1.0.0.Final.jar;C:\Program Files\tmcbeans\java\modules\ext\hibernate4\slf4j-api-1.6.1.jar;C:\Program Files\tmcbeans\java\modules\ext\hibernate4\slf4j-simple-1.6.1.jar" />
    <property name="nb.native.filechooser" value="false" />
    <property name="libs.restapi.src" value="" />
    <property name="sun.management.compiler" value="HotSpot 64-Bit Tiered Compilers" />
    <property name="javac.deprecation" value="false" />
    <property name="javadoc.use" value="true" />
    <property name="sun.java2d.noddraw" value="true" />
    <property name="libs.jsp-compiler.classpath" value="C:\Program Files\tmcbeans\enterprise\ant\extra\jspcompile.jar" />
    <property name="javac.processorpath" value="" />
    <property name="javac.compilerargs" value="" />
    <property name="ant.file" value="C:\Users\Nishant\Documents\NetBeansProjects\2013-OOProgrammingWithJava-PART2\week10-week10_27.TheFinnishRingingCentre\build.xml" />
    <property name="libs.beans-binding.maven-pom" value="" />
    <property name="jnlp.codebase.type" value="no.codebase" />
    <property name="libs.hibernate4-support.javadoc" value="C:\Program Files\tmcbeans\java\modules\ext\docs\javax.persistence-2.1.0-doc.zip" />
    <property name="libs.jsf12.classpath" value="C:\Program Files\tmcbeans\enterprise\modules\ext\jsf-1_2\commons-beanutils.jar;C:\Program Files\tmcbeans\enterprise\modules\ext\jsf-1_2\commons-collections.jar;C:\Program Files\tmcbeans\enterprise\modules\ext\jsf-1_2\commons-digester.jar;C:\Program Files\tmcbeans\enterprise\modules\ext\jsf-1_2\commons-logging.jar;C:\Program Files\tmcbeans\enterprise\modules\ext\jsf-1_2\jsf-api.jar;C:\Program Files\tmcbeans\enterprise\modules\ext\jsf-1_2\jsf-impl.jar" />
    <property name="libs.jstl.maven-pom" value="" />
    <property name="libs.restapi.maven-pom" value="" />
    <property name="libs.beans-binding.src" value="" />
    <property name="java.vm.specification.vendor" value="Oracle Corporation" />
    <property name="libs.swing-layout.src" value="C:\Program Files\tmcbeans\platform\docs\swing-layout-1.0.4-src.zip" />
    <property name="org.openide.major.version" value="IDE/1" />
    <property name="java.vm.name" value="Java HotSpot(TM) 64-Bit Server VM" />
    <property name="netbeans.user" value="C:\Users\Nishant\AppData\Roaming\.tmcbeans\dev" />
    <property name="tests.failed" value="true" />
    <property name="javadoc.additionalparam" value="" />
    <property name="jnlp.offline-allowed" value="false" />
    <property name="java.io.tmpdir" value="C:\Users\Nishant\AppData\Local\Temp\" />
    <property name="java.vendor.url" value="http://java.oracle.com/" />
    <property name="endorsed.classpath.cmd.line.arg" value="" />
    <property name="libs.jsp-compiler.src" value="" />
    <property name="sun.boot.library.path" value="C:\Program Files\Java\jdk1.7.0_71\jre\bin" />
    <property name="have.sources" value="true" />
    <property name="debug.classpath" value=":build/classes" />
    <property name="javadoc.private" value="false" />
    <property name="test.src.dir" value="test" />
    <property name="libs.jsf20.classpath" value="C:\Program Files\tmcbeans\enterprise\modules\ext\jsf-2_2\javax.faces.jar" />
    <property name="ap.processors.internal" value="" />
    <property name="meta.inf.dir" value="src/META-INF" />
    <property name="javadoc.encoding.used" value="UTF-8" />
    <property name="dist.jar" value="dist/week10_27.TheFinnishRingingCentre.jar" />
    <property name="libs.spring-framework400.maven-pom" value="" />
    <property name="java.runtime.name" value="Java(TM) SE Runtime Environment" />
    <property name="ant.project.name" value="ohja4_27.Renagastustoimisto" />
    <property name="netbeans.hash.code" value="unique=08dae1bf4-56a9-4e89-a5f4-6974dbd5de70_acbb0cc0-8281-48cc-b67c-f26d70ff1907" />
    <property name="netbeans.default_userdir_root" value="" />
    <property name="libs.jsp-compilation-syscp.maven-pom" value="" />
    <property name="manifest.available-mkdist.available" value="true" />
    <property name="sun.cpu.isalist" value="amd64" />
    <property name="libs.spring-framework400.javadoc" value="" />
    <property name="libs.CopyLibs.javadoc" value="" />
    <property name="org.openide.specification.version" value="6.2" />
    <property name="user.home" value="C:\Users\Nishant" />
    <property name="annotation.processing.processors.list" value="" />
    <property name="libs.primefaces.maven-pom" value="" />
    <property name="debug-args-line" value="-Xdebug" />
    <property name="libs.javaee-api-6.0.maven-pom" value="" />
    <property name="libs.JWSAntTasks.src" value="" />
    <property name="jar.index" value="false" />
    <property name="libs.CopyLibs.maven-pom" value="" />
    <property name="libs.spring-framework300.javadoc" value="" />
    <property name="libs.absolutelayout.javadoc" value="" />
    <property name="java.specification.name" value="Java Platform API Specification" />
    <property name="do.archive+main.class.available" value="true" />
    <property name="jnlp.mixed.code" value="default" />
    <property name="java.specification.vendor" value="Oracle Corporation" />
    <property name="libs.javac-api.classpath" value="C:\Program Files\tmcbeans\java\modules\ext\nb-javac-api.jar" />
    <property name="java.version" value="1.7.0_71" />
    <property name="javadoc.version" value="false" />
    <property name="libs.MySQLDriver.javadoc" value="" />
    <property name="org.openide.version" value="deprecated" />
    <property name="source.encoding" value="UTF-8" />
    <property name="ap.cmd.line.internal" value="" />
    <property name="libs.eclipselinkmodelgen.maven-pom" value="" />
    <property name="libs.jsp-compilation-syscp.javadoc" value="" />
    <property name="libs.eclipselinkmodelgen.javadoc" value="" />
    <property name="libs.javaee-endorsed-api-7.0.classpath" value="C:\Program Files\tmcbeans\enterprise\modules\ext\javaee7-endorsed\javax.annotation-api.jar;C:\Program Files\tmcbeans\enterprise\modules\ext\javaee7-endorsed\javax.xml.soap-api.jar;C:\Program Files\tmcbeans\enterprise\modules\ext\javaee7-endorsed\jaxb-api-osgi.jar;C:\Program Files\tmcbeans\enterprise\modules\ext\javaee7-endorsed\jaxws-api.jar;C:\Program Files\tmcbeans\enterprise\modules\ext\javaee7-endorsed\jsr181-api.jar" />
    <property name="libs.metro.javadoc" value="C:\Program Files\tmcbeans\enterprise\docs\metro-1.4-doc.zip" />
    <property name="libs.struts.maven-pom" value="" />
    <property name="netbeans.home+have.tests" value="true" />
    <property name="annotation.processing.processor.options" value="" />
    <property name="libs.testng.maven-pom" value="" />
    <property name="libs.jaxb.src" value="" />
    <property name="work.dir" value="C:\Users\Nishant\Documents\NetBeansProjects\2013-OOProgrammingWithJava-PART2\week10-week10_27.TheFinnishRingingCentre" />
    <property name="libs.jaxb.classpath" value="C:\Program Files\tmcbeans\ide\modules\ext\jaxb\jaxb-impl.jar;C:\Program Files\tmcbeans\ide\modules\ext\jaxb\jaxb-xjc.jar;C:\Program Files\tmcbeans\ide\modules\ext\jaxb\jaxb1-impl.jar;C:\Program Files\tmcbeans\ide\modules\ext\jaxb\activation.jar;C:\Program Files\tmcbeans\ide\modules\ext\jaxb\api\jaxb-api.jar;C:\Program Files\tmcbeans\ide\modules\ext\jaxb\api\jsr173_1.0_api.jar" />
    <property name="do.depend" value="false" />
    <property name="dist.javadoc.dir" value="dist/javadoc" />
    <property name="libs.swing-layout.classpath" value="C:\Program Files\tmcbeans\platform\modules\ext\swing-layout-1.0.4.jar" />
    <property name="libs.spring-webmvc3.0.classpath" value="C:\Program Files\tmcbeans\java\modules\ext\spring-3.0\spring-webmvc-3.2.7.RELEASE.jar" />
    <property name="libs.javaee-web-api-7.0.maven-pom" value="" />
    <property name="libs.restlib.src" value="" />
    <property name="build.generated.dir" value="build/generated" />
    <property name="javac.source" value="1.6" />
    <property name="line.separator" value="&#xd;&#xa;" />
    <property name="java.specification.version" value="1.7" />
    <property name="libs.jaxws21.maven-pom" value="" />
    <property name="java.vm.info" value="mixed mode" />
    <property name="junit.forkmode" value="perTest" />
    <property name="file.reference.hamcrest-core-1.3.jar" value="lib/hamcrest-core-1.3.jar" />
    <property name="sun.boot.class.path" value="C:\Program Files\Java\jdk1.7.0_71\jre\lib\resources.jar;C:\Program Files\Java\jdk1.7.0_71\jre\lib\rt.jar;C:\Program Files\Java\jdk1.7.0_71\jre\lib\sunrsasign.jar;C:\Program Files\Java\jdk1.7.0_71\jre\lib\jsse.jar;C:\Program Files\Java\jdk1.7.0_71\jre\lib\jce.jar;C:\Program Files\Java\jdk1.7.0_71\jre\lib\charsets.jar;C:\Program Files\Java\jdk1.7.0_71\jre\lib\jfr.jar;C:\Program Files\Java\jdk1.7.0_71\jre\classes" />
    <property name="javac.target" value="1.6" />
    <property name="built-jar.properties" value="C:\Users\Nishant\Documents\NetBeansProjects\2013-OOProgrammingWithJava-PART2\week10-week10_27.TheFinnishRingingCentre\build\built-jar.properties" />
    <property name="build.test.classes.dir" value="build/test/classes" />
    <property name="src.dir" value="src" />
    <property name="annotation.processing.enabled" value="true" />
    <property name="libs.jpa2-persistence.src" value="" />
    <property name="sun.awt.keepWorkingSetOnMinimize" value="true" />
    <property name="libs.jsf20.src" value="" />
    <property name="libs.jpa20-persistence.src" value="" />
    <property name="libs.jsf12.src" value="" />
    <property name="libs.struts.javadoc" value="C:\Program Files\tmcbeans\enterprise\docs\struts-1.3.10-javadoc.zip" />
    <property name="ignore.failing.tests" value="true" />
    <property name="libs.javaee-web-api-7.0.src" value="" />
    <property name="libs.primefaces.src" value="" />
    <property name="dist.dir" value="dist" />
    <property name="do.archive+manifest.available+main.class" value="true" />
    <property name="javac.fork" value="false" />
    <property name="java.awt.printerjob" value="sun.awt.windows.WPrinterJob" />
    <property name="default.javac.source" value="1.7" />
    <property name="debug-transport-by-os" value="dt_shmem" />
    <property name="sun.jnu.encoding" value="Cp1252" />
    <property name="libs.MySQLDriver.src" value="" />
    <property name="build.test.results.dir" value="build/test/results" />
    <property name="java.runtime.version" value="1.7.0_71-b14" />
    <property name="manifest.available+main.class+mkdist.available" value="true" />
    <property name="default.javac.target" value="1.7" />
    <property name="user.timezone" value="" />
    <property name="libs.javaee-endorsed-api-6.0.maven-pom" value="" />
    <property name="netbeans.dirs" value="C:\Program Files\tmcbeans\tmcbeans;C:\Program Files\tmcbeans\cnd;C:\Program Files\tmcbeans\dlight;C:\Program Files\tmcbeans\enterprise;C:\Program Files\tmcbeans\extide;C:\Program Files\tmcbeans\harness;C:\Program Files\tmcbeans\ide;C:\Program Files\tmcbeans\java;C:\Program Files\tmcbeans\javafx;C:\Program Files\tmcbeans\nb;C:\Program Files\tmcbeans\php;C:\Program Files\tmcbeans\webcommon;C:\Program Files\tmcbeans\websvccommon;C:\Program Files\tmcbeans\mavenmodules" />
    <property name="libs.jstl.javadoc" value="C:\Program Files\tmcbeans\enterprise\docs\javaee-doc-api.jar" />
    <property name="libs.jsf20.javadoc" value="C:\Program Files\tmcbeans\enterprise\docs\javaee-doc-api.jar" />
    <property name="java.ext.dirs" value="C:\Program Files\Java\jdk1.7.0_71\jre\lib\ext;C:\WINDOWS\Sun\Java\lib\ext" />
    <property name="libs.metro.src" value="" />
    <property name="endorsed.classpath" value="" />
    <property name="libs.absolutelayout.classpath" value="C:\Program Files\tmcbeans\java\modules\ext\AbsoluteLayout.jar" />
    <property name="excludes" value="" />
    <property name="libs.metro.classpath" value="C:\Program Files\tmcbeans\ide\modules\ext\jaxb\activation.jar;C:\Program Files\tmcbeans\enterprise\modules\ext\metro\webservices-api.jar;C:\Program Files\tmcbeans\enterprise\modules\ext\metro\webservices-extra-api.jar;C:\Program Files\tmcbeans\enterprise\modules\ext\metro\webservices-extra.jar;C:\Program Files\tmcbeans\enterprise\modules\ext\metro\webservices-rt.jar;C:\Program Files\tmcbeans\enterprise\modules\ext\metro\webservices-tools.jar" />
    <property name="libs.restlib.maven-pom" value="" />
    <property name="libs.jpa2-persistence.javadoc" value="C:\Program Files\tmcbeans\java\modules\ext\docs\javax.persistence-2.1.0-doc.zip" />
    <property name="apple.laf.useScreenMenuBar" value="true" />
    <property name="java.class.path" value="C:\Users\Nishant\Documents\NetBeansProjects\2013-OOProgrammingWithJava-PART2\week10-week10_27.TheFinnishRingingCentre\build\classes;C:\Users\Nishant\Documents\NetBeansProjects\2013-OOProgrammingWithJava-PART2\week10-week10_27.TheFinnishRingingCentre\lib\hamcrest-core-1.3.jar;C:\Users\Nishant\Documents\NetBeansProjects\2013-OOProgrammingWithJava-PART2\week10-week10_27.TheFinnishRingingCentre\lib\junit-4.11.jar;C:\Users\Nishant\Documents\NetBeansProjects\2013-OOProgrammingWithJava-PART2\week10-week10_27.TheFinnishRingingCentre\lib\edu-test-utils-0.4.2.jar;C:\Users\Nishant\Documents\NetBeansProjects\2013-OOProgrammingWithJava-PART2\week10-week10_27.TheFinnishRingingCentre\build\test\classes;C:\Users\Nishant\AppData\Roaming\.tmcbeans\dev\ant\lib\ant-launcher.jar;C:\Users\Nishant\AppData\Roaming\.tmcbeans\dev\ant\lib\ant.jar;C:\Users\Nishant\AppData\Roaming\.tmcbeans\dev\ant\lib\ant-junit.jar;C:\Users\Nishant\AppData\Roaming\.tmcbeans\dev\ant\lib\ant-junit4.jar" />
    <property name="do.mkdist" value="true" />
    <property name="ant.file.type.ohja4_27.Renagastustoimisto" value="file" />
    <property name="libs.absolutelayout.src" value="" />
    <property name="libs.jpa20-persistence.classpath" value="C:\Program Files\tmcbeans\java\modules\ext\eclipselink\javax.persistence_2.1.0.v201304241213.jar" />
    <property name="os.version" value="6.3" />
    <property name="application.args" value="" />
    <property name="libs.javaee-api-7.0.maven-pom" value="" />
    <property name="main.class.available" value="true" />
    <property name="sun.awt.enableExtraMouseButtons" value="true" />
    <property name="sun.desktop" value="windows" />
    <property name="libs.hibernate4-persistence.src" value="" />
    <property name="libs.hibernate4-support.maven-pom" value="" />
    <property name="libs.restlib.javadoc" value="" />
    <property name="libs.JAXB-ENDORSED.classpath" value="C:\Program Files\tmcbeans\ide\modules\ext\jaxb\api\jaxb-api.jar" />
    <property name="nb.internal.action.name" value="test" />
    <property name="libs.javaee-api-7.0.javadoc" value="C:\Program Files\tmcbeans\enterprise\docs\javaee-doc-api.jar" />
    <property name="libs.eclipselink.classpath" value="C:\Program Files\tmcbeans\java\modules\ext\eclipselink\eclipselink.jar;C:\Program Files\tmcbeans\java\modules\ext\eclipselink\javax.persistence_2.1.0.v201304241213.jar;C:\Program Files\tmcbeans\java\modules\ext\eclipselink\org.eclipse.persistence.jpa.jpql_2.5.2.v20140319-9ad6abd.jar" />
    <property name="libs.beans-binding.javadoc" value="C:\Program Files\tmcbeans\java\docs\beansbinding-1.2.1-doc.zip" />
    <property name="java.awt.graphicsenv" value="sun.awt.Win32GraphicsEnvironment" />
    <property name="java.vm.vendor" value="Oracle Corporation" />
    <property name="libs.CopyLibs.classpath" value="C:\Program Files\tmcbeans\java\ant\extra\org-netbeans-modules-java-j2seproject-copylibstask.jar" />
    <property name="libs.spring-framework300.classpath" value="C:\Program Files\tmcbeans\ide\modules\org-apache-commons-logging.jar;C:\Program Files\tmcbeans\java\modules\ext\cglib-2.2.jar;C:\Program Files\tmcbeans\java\modules\ext\spring-3.0\spring-aop-3.2.7.RELEASE.jar;C:\Program Files\tmcbeans\java\modules\ext\spring-3.0\spring-aspects-3.2.7.RELEASE.jar;C:\Program Files\tmcbeans\java\modules\ext\spring-3.0\spring-beans-3.2.7.RELEASE.jar;C:\Program Files\tmcbeans\java\modules\ext\spring-3.0\spring-build-src-3.2.7.RELEASE.jar;C:\Program Files\tmcbeans\java\modules\ext\spring-3.0\spring-context-3.2.7.RELEASE.jar;C:\Program Files\tmcbeans\java\modules\ext\spring-3.0\spring-context-support-3.2.7.RELEASE.jar;C:\Program Files\tmcbeans\java\modules\ext\spring-3.0\spring-core-3.2.7.RELEASE.jar;C:\Program Files\tmcbeans\java\modules\ext\spring-3.0\spring-expression-3.2.7.RELEASE.jar;C:\Program Files\tmcbeans\java\modules\ext\spring-3.0\spring-framework-bom-3.2.7.RELEASE.jar;C:\Program Files\tmcbeans\java\modules\ext\spring-3.0\spring-instrument-3.2.7.RELEASE.jar;C:\Program Files\tmcbeans\java\modules\ext\spring-3.0\spring-instrument-tomcat-3.2.7.RELEASE.jar;C:\Program Files\tmcbeans\java\modules\ext\spring-3.0\spring-jdbc-3.2.7.RELEASE.jar;C:\Program Files\tmcbeans\java\modules\ext\spring-3.0\spring-jms-3.2.7.RELEASE.jar;C:\Program Files\tmcbeans\java\modules\ext\spring-3.0\spring-orm-3.2.7.RELEASE.jar;C:\Program Files\tmcbeans\java\modules\ext\spring-3.0\spring-oxm-3.2.7.RELEASE.jar;C:\Program Files\tmcbeans\java\modules\ext\spring-3.0\spring-struts-3.2.7.RELEASE.jar;C:\Program Files\tmcbeans\java\modules\ext\spring-3.0\spring-test-3.2.7.RELEASE.jar;C:\Program Files\tmcbeans\java\modules\ext\spring-3.0\spring-tx-3.2.7.RELEASE.jar;C:\Program Files\tmcbeans\java\modules\ext\spring-3.0\spring-web-3.2.7.RELEASE.jar;C:\Program Files\tmcbeans\java\modules\ext\spring-3.0\spring-webmvc-3.2.7.RELEASE.jar;C:\Program Files\tmcbeans\java\modules\ext\spring-3.0\spring-webmvc-portlet-3.2.7.RELEASE.jar" />
    <property name="libs.jsp-compiler.maven-pom" value="" />
    <property name="run.jvmargs" value="" />
    <property name="libs.hibernate4-persistence.classpath" value="C:\Program Files\tmcbeans\java\modules\ext\hibernate4\antlr-2.7.7.jar;C:\Program Files\tmcbeans\java\modules\ext\hibernate4\c3p0-0.9.2.1.jar;C:\Program Files\tmcbeans\java\modules\ext\hibernate4\hibernate-c3p0-4.3.1.Final.jar;C:\Program Files\tmcbeans\java\modules\ext\hibernate4\mchange-commons-java-0.2.3.4.jar;C:\Program Files\tmcbeans\java\modules\ext\hibernate4\dom4j-1.6.1.jar;C:\Program Files\tmcbeans\java\modules\ext\hibernate4\ehcache-core-2.4.3.jar;C:\Program Files\tmcbeans\java\modules\ext\hibernate4\hibernate-ehcache-4.3.1.Final.jar;C:\Program Files\tmcbeans\java\modules\ext\hibernate4\hibernate-core-4.3.1.Final.jar;C:\Program Files\tmcbeans\java\modules\ext\hibernate4\jboss-logging-3.1.3.GA.jar;C:\Program Files\tmcbeans\java\modules\ext\hibernate4\hibernate-commons-annotations-4.0.4.Final.jar;C:\Program Files\tmcbeans\java\modules\ext\hibernate4\hibernate-entitymanager-4.3.1.Final.jar;C:\Program Files\tmcbeans\java\modules\ext\hibernate4\javassist-3.18.1-GA.jar;C:\Program Files\tmcbeans\java\modules\ext\hibernate4\jboss-transaction-api_1.2_spec-1.0.0.Final.jar;C:\Program Files\tmcbeans\java\modules\ext\hibernate4\slf4j-api-1.6.1.jar;C:\Program Files\tmcbeans\java\modules\ext\hibernate4\slf4j-simple-1.6.1.jar;C:\Program Files\tmcbeans\java\modules\ext\hibernate4\hibernate-jpa-2.1-api-1.0.0.Final.jar" />
    <property name="libs.JAXB-ENDORSED.src" value="" />
    <property name="libs.testng.javadoc" value="C:\Program Files\tmcbeans\platform\docs\testng-6.8.1-javadoc.zip" />
    <property name="user.script" value="" />
    <property name="libs.PostgreSQLDriver.classpath" value="C:\Program Files\tmcbeans\ide\modules\ext\postgresql-9.2-1002.jdbc4.jar" />
    <property name="libs.jsf12.maven-pom" value="" />
    <property name="jnlp.signing" value="" />
    <property name="libs.hibernate4-persistencemodelgen.classpath" value="C:\Program Files\tmcbeans\java\modules\ext\hibernate4\hibernate-jpamodelgen-4.3.1.Final.jar" />
    <property name="annotation.processing.source.output" value="build/generated-sources/ap-source-output" />
    <property name="jnlp.signed" value="false" />
    <property name="main.class" value="Main" />
    <property name="libs.CopyLibs.src" value="" />
    <property name="build.dir" value="build" />
    <property name="libs.jsp-compilation.classpath" value="C:\Users\Nishant\AppData\Roaming\.tmcbeans\dev\ant\lib\ant.jar;C:\Program Files\tmcbeans\enterprise\modules\ext\servlet3.1-jsp2.3-api.jar;C:\Program Files\tmcbeans\enterprise\modules\ext\glassfish-jspparser-4.0.jar;C:\Program Files\tmcbeans\enterprise\modules\ext\jsf-2_2\javax.faces.jar;C:\Program Files\tmcbeans\enterprise\modules\ext\jstl-api.jar;C:\Users\Nishant\AppData\Roaming\.tmcbeans\dev\ant\lib\ant-launcher.jar" />
    <property name="ant.version" value="Apache Ant(TM) version 1.9.4 compiled on April 29 2014" />
    <property name="ant.file.ohja4_27.Renagastustoimisto-impl" value="C:\Users\Nishant\Documents\NetBeansProjects\2013-OOProgrammingWithJava-PART2\week10-week10_27.TheFinnishRingingCentre\nbproject\build-impl.xml" />
    <property name="file.encoding" value="Cp1252" />
    <property name="build.classes.excludes" value="**/*.java,**/*.form" />
    <property name="jdkBug6558476" value="false" />
    <property name="javadoc.nonavbar" value="false" />
    <property name="libs.spring-webmvc4.0.classpath" value="C:\Program Files\tmcbeans\java\modules\ext\spring-4\spring-webmvc-4.0.1.RELEASE.jar" />
    <property name="platform.active" value="default_platform" />
    <property name="awt.toolkit" value="sun.awt.windows.WToolkit" />
    <property name="libs.javaee-web-api-7.0.javadoc" value="C:\Program Files\tmcbeans\enterprise\docs\javaee-doc-api.jar" />
  </properties>
  <testcase classname="RingingCentreTest" name="hasHashMap" time="0.032" />
  <testcase classname="RingingCentreTest" name="emptyConstructor" time="0.018" />
  <testcase classname="RingingCentreTest" name="classPublic" time="0.0" />
  <testcase classname="RingingCentreTest" name="noRedundantVariables" time="0.0" />
  <testcase classname="RingingCentreTest" name="observeMethod" time="0.0" />
  <testcase classname="RingingCentreTest" name="observationsWorks" time="0.284" />
  <testcase classname="RingingCentreTest" name="observationsMethod" time="0.0" />
  <testcase classname="RingingCentreTest" name="observationsWorks2" time="0.0" />
  <testcase classname="RingingCentreTest" name="observationsWorks3" time="0.0" />
  <testcase classname="RingingCentreTest" name="observationsWorks4" time="0.0" />
  <system-out><![CDATA[]]></system-out>
  <system-err><![CDATA[]]></system-err>
</testsuite>
